[    0.000000] Linux version 4.15.0-101-generic (buildd@lgw01-amd64-003) (gcc version 7.5.0 (Ubuntu 7.5.0-3ubuntu1~18.04)) #102-Ubuntu SMP Mon May 11 10:07:26 UTC 2020 (Ubuntu 4.15.0-101.102-generic 4.15.18)
[    0.000000] Command line: BOOT_IMAGE=/boot/vmlinuz-4.15.0-101-generic root=LABEL=cloudimg-rootfs ro console=tty1 console=ttyS0
[    0.000000] KERNEL supported cpus:
[    0.000000]   Intel GenuineIntel
[    0.000000]   AMD AuthenticAMD
[    0.000000]   Centaur CentaurHauls
[    0.000000] x86/fpu: Supporting XSAVE feature 0x001: 'x87 floating point registers'
[    0.000000] x86/fpu: Supporting XSAVE feature 0x002: 'SSE registers'
[    0.000000] x86/fpu: Supporting XSAVE feature 0x004: 'AVX registers'
[    0.000000] x86/fpu: xstate_offset[2]:  576, xstate_sizes[2]:  256
[    0.000000] x86/fpu: Enabled xstate features 0x7, context size is 832 bytes, using 'standard' format.
[    0.000000] e820: BIOS-provided physical RAM map:
[    0.000000] BIOS-e820: [mem 0x0000000000000000-0x000000000009fbff] usable
[    0.000000] BIOS-e820: [mem 0x000000000009fc00-0x000000000009ffff] reserved
[    0.000000] BIOS-e820: [mem 0x00000000000f0000-0x00000000000fffff] reserved
[    0.000000] BIOS-e820: [mem 0x0000000000100000-0x000000007ffeffff] usable
[    0.000000] BIOS-e820: [mem 0x000000007fff0000-0x000000007fffffff] ACPI data
[    0.000000] BIOS-e820: [mem 0x00000000fec00000-0x00000000fec00fff] reserved
[    0.000000] BIOS-e820: [mem 0x00000000fee00000-0x00000000fee00fff] reserved
[    0.000000] BIOS-e820: [mem 0x00000000fffc0000-0x00000000ffffffff] reserved
[    0.000000] NX (Execute Disable) protection: active
[    0.000000] SMBIOS 2.5 present.
[    0.000000] DMI: innotek GmbH VirtualBox/VirtualBox, BIOS VirtualBox 12/01/2006
[    0.000000] Hypervisor detected: KVM
[    0.000000] e820: last_pfn = 0x7fff0 max_arch_pfn = 0x400000000
[    0.000000] MTRR: Disabled
[    0.000000] x86/PAT: MTRRs disabled, skipping PAT initialization too.
[    0.000000] CPU MTRRs all blank - virtualized system.
[    0.000000] x86/PAT: Configuration [0-7]: WB  WT  UC- UC  WB  WT  UC- UC  
[    0.000000] found SMP MP-table at [mem 0x0009fff0-0x0009ffff]
[    0.000000] Scanning 1 areas for low memory corruption
[    0.000000] RAMDISK: [mem 0x35a6d000-0x36d2dfff]
[    0.000000] ACPI: Early table checksum verification disabled
[    0.000000] ACPI: RSDP 0x00000000000E0000 000024 (v02 VBOX  )
[    0.000000] ACPI: XSDT 0x000000007FFF0030 00003C (v01 VBOX   VBOXXSDT 00000001 ASL  00000061)
[    0.000000] ACPI: FACP 0x000000007FFF00F0 0000F4 (v04 VBOX   VBOXFACP 00000001 ASL  00000061)
[    0.000000] ACPI: DSDT 0x000000007FFF0470 0021FF (v02 VBOX   VBOXBIOS 00000002 INTL 20180105)
[    0.000000] ACPI: FACS 0x000000007FFF0200 000040
[    0.000000] ACPI: FACS 0x000000007FFF0200 000040
[    0.000000] ACPI: APIC 0x000000007FFF0240 00005C (v02 VBOX   VBOXAPIC 00000001 ASL  00000061)
[    0.000000] ACPI: SSDT 0x000000007FFF02A0 0001CC (v01 VBOX   VBOXCPUT 00000002 INTL 20180105)
[    0.000000] No NUMA configuration found
[    0.000000] Faking a node at [mem 0x0000000000000000-0x000000007ffeffff]
[    0.000000] NODE_DATA(0) allocated [mem 0x7ffc5000-0x7ffeffff]
[    0.000000] kvm-clock: cpu 0, msr 0:7ff44001, primary cpu clock
[    0.000000] kvm-clock: Using msrs 4b564d01 and 4b564d00
[    0.000000] kvm-clock: using sched offset of 3518179415 cycles
[    0.000000] clocksource: kvm-clock: mask: 0xffffffffffffffff max_cycles: 0x1cd42e4dffb, max_idle_ns: 881590591483 ns
[    0.000000] Zone ranges:
[    0.000000]   DMA      [mem 0x0000000000001000-0x0000000000ffffff]
[    0.000000]   DMA32    [mem 0x0000000001000000-0x000000007ffeffff]
[    0.000000]   Normal   empty
[    0.000000]   Device   empty
[    0.000000] Movable zone start for each node
[    0.000000] Early memory node ranges
[    0.000000]   node   0: [mem 0x0000000000001000-0x000000000009efff]
[    0.000000]   node   0: [mem 0x0000000000100000-0x000000007ffeffff]
[    0.000000] Reserved but unavailable: 98 pages
[    0.000000] Initmem setup node 0 [mem 0x0000000000001000-0x000000007ffeffff]
[    0.000000] ACPI: PM-Timer IO Port: 0x4008
[    0.000000] IOAPIC[0]: apic_id 2, version 32, address 0xfec00000, GSI 0-23
[    0.000000] ACPI: INT_SRC_OVR (bus 0 bus_irq 0 global_irq 2 dfl dfl)
[    0.000000] ACPI: INT_SRC_OVR (bus 0 bus_irq 9 global_irq 9 low level)
[    0.000000] Using ACPI (MADT) for SMP configuration information
[    0.000000] smpboot: Allowing 2 CPUs, 0 hotplug CPUs
[    0.000000] PM: Registered nosave memory: [mem 0x00000000-0x00000fff]
[    0.000000] PM: Registered nosave memory: [mem 0x0009f000-0x0009ffff]
[    0.000000] PM: Registered nosave memory: [mem 0x000a0000-0x000effff]
[    0.000000] PM: Registered nosave memory: [mem 0x000f0000-0x000fffff]
[    0.000000] e820: [mem 0x80000000-0xfebfffff] available for PCI devices
[    0.000000] Booting paravirtualized kernel on KVM
[    0.000000] clocksource: refined-jiffies: mask: 0xffffffff max_cycles: 0xffffffff, max_idle_ns: 7645519600211568 ns
[    0.000000] random: get_random_bytes called from start_kernel+0x99/0x4fd with crng_init=0
[    0.000000] setup_percpu: NR_CPUS:8192 nr_cpumask_bits:2 nr_cpu_ids:2 nr_node_ids:1
[    0.000000] percpu: Embedded 45 pages/cpu s147456 r8192 d28672 u1048576
[    0.000000] PV qspinlock hash table entries: 256 (order: 0, 4096 bytes)
[    0.000000] Built 1 zonelists, mobility grouping on.  Total pages: 515961
[    0.000000] Policy zone: DMA32
[    0.000000] Kernel command line: BOOT_IMAGE=/boot/vmlinuz-4.15.0-101-gneric root=LABEL=cloudimg-rootfs ro console=tty1 console=ttyS0
[    0.000000] Memory: 2015256K/2096696K available (12300K kernel code, 2481K rwdata, 4268K rodata, 2432K init, 2712K bss, 81440K reserved, 0K cma-reserved)
[    0.000000] SLUB: HWalign=64, Order=0-3, MinObjects=0, CPUs=2, Nodes=1
[    0.000000] Kernel/User page tables isolation: enabled
[    0.000000] ftrace: allocating 39364 entries in 154 pages
[    0.004000] Hierarchical RCU implementation.
[    0.004000] 	RCU restricting CPUs from NR_CPUS=8192 to nr_cpu_ids=2.
[    0.004000] 	Tasks RCU enabled.
[    0.004000] RCU: Adjusting geometry for rcu_fanout_leaf=16, nr_cpu_ids=2
[    0.004000] NR_IRQS: 524544, n_irqs: 440, preallocated irqs: 16
[    0.004000] Console: colour VGA+ 80x25
[    0.004000] console [tty1] enabled
[    0.004000] console [ttyS0] enabled
[    0.004000] ACPI: Core revision 20170831
[    0.004000] ACPI: 2 ACPI AML tables successfully acquired and loaded
[    0.004000] APIC: Switch to symmetric I/O mode setup
[    0.004284] x2apic enabled
[    0.008008] Switched APIC routing to physical x2apic.
[    0.013132] ..TIMER: vector=0x30 apic1=0 pin1=2 apic2=-1 pin2=-1
[    0.016002] tsc: Detected 2592.062 MHz processor
[    0.016913] Calibrating delay loop (skipped) preset value.. 5184.12 BogoMIPS (lpj=10368248)
[    0.020003] pid_max: default: 32768 minimum: 301
[    0.024039] Security Framework initialized
[    0.028007] Yama: becoming mindful.
[    0.028774] AppArmor: AppArmor initialized
[    0.030756] Dentry cache hash table entries: 262144 (order: 9, 2097152 bytes)
[    0.033384] Inode-cache hash table entries: 131072 (order: 8, 1048576 bytes)
[    0.040009] Mount-cache hash table entries: 4096 (order: 3, 32768 bytes)
[    0.041413] Mountpoint-cache hash table entries: 4096 (order: 3, 32768 bytes)
[    0.042803] Last level iTLB entries: 4KB 64, 2MB 8, 4MB 8
[    0.043719] Last level dTLB entries: 4KB 64, 2MB 0, 4MB 0, 1GB 4
[    0.044004] Spectre V1 : Mitigation: usercopy/swapgs barriers and __user pointer sanitization
[    0.048006] Spectre V2 : Mitigation: Full generic retpoline
[    0.052002] Spectre V2 : Spectre v2 / SpectreRSB mitigation: Filling RSB on context switch
[    0.056006] Speculative Store Bypass: Vulnerable
[    0.060057] MDS: Mitigation: Clear CPU buffers
[    0.064197] Freeing SMP alternatives memory: 36K
[    0.178386] smpboot: CPU0: Intel(R) Core(TM) i7-6500U CPU @ 2.50GHz (family: 0x6, model: 0x4e, stepping: 0x3)
[    0.180099] Performance Events: unsupported p6 CPU model 78 no PMU driver, software events only.
[    0.184076] Hierarchical SRCU implementation.
[    0.188645] NMI watchdog: Perf event create on CPU 0 failed with -2
[    0.189876] NMI watchdog: Perf NMI watchdog permanently disabled
[    0.192070] smp: Bringing up secondary CPUs ...
[    0.193027] x86: Booting SMP configuration:
[    0.196007] .... node  #0, CPUs:      #1
[    0.004000] kvm-clock: cpu 1, msr 0:7ff44041, secondary cpu clock
[    0.207000] smp: Brought up 1 node, 2 CPUs
[    0.207000] smpboot: Max logical packages: 1
[    0.208007] smpboot: Total of 2 processors activated (10368.24 BogoMIPS)
[    0.212167] devtmpfs: initialized
[    0.212737] x86/mm: Memory block size: 128MB
[    0.214942] evm: security.selinux
[    0.216004] evm: security.SMACK64
[    0.216606] evm: security.SMACK64EXEC
[    0.220007] evm: security.SMACK64TRANSMUTE
[    0.220781] evm: security.SMACK64MMAP
[    0.221519] evm: security.apparmor
[    0.222238] evm: security.ima
[    0.222821] evm: security.capability
[    0.224128] clocksource: jiffies: mask: 0xffffffff max_cycles: 0xffffffff, max_idle_ns: 7645041785100000 ns
[    0.228013] futex hash table entries: 512 (order: 3, 32768 bytes)
[    0.232073] pinctrl core: initialized pinctrl subsystem
[    0.233113] RTC time: 11:52:16, date: 06/13/20
[    0.236182] NET: Registered protocol family 16
[    0.240099] audit: initializing netlink subsys (disabled)
[    0.241170] audit: type=2000 audit(1592049139.439:1): state=initialized audit_enabled=0 res=1
[    0.241170] cpuidle: using governor ladder
[    0.244007] cpuidle: using governor menu
[    0.244833] ACPI: bus type PCI registered
[    0.245614] acpiphp: ACPI Hot Plug PCI Controller Driver version: 0.5
[    0.246998] PCI: Using configuration type 1 for base access
[    0.249008] HugeTLB registered 2.00 MiB page size, pre-allocated 0 pages
[    0.252123] ACPI: Added _OSI(Module Device)
[    0.256009] ACPI: Added _OSI(Processor Device)
[    0.260004] ACPI: Added _OSI(3.0 _SCP Extensions)
[    0.264002] ACPI: Added _OSI(Processor Aggregator Device)
[    0.265025] ACPI: Added _OSI(Linux-Dell-Video)
[    0.265878] ACPI: Added _OSI(Linux-Lenovo-NV-HDMI-Audio)
[    0.266895] ACPI: Added _OSI(Linux-HPI-Hybrid-Graphics)
[    0.268336] ACPI: Executed 1 blocks of module-level executable AML code
[    0.275749] ACPI: Interpreter enabled
[    0.276047] ACPI: (supports S0 S5)
[    0.278926] ACPI: Using IOAPIC for interrupt routing
[    0.280442] PCI: Using host bridge windows from ACPI; if necessary, use "pci=nocrs" and report a bug
[    0.284185] ACPI: Enabled 2 GPEs in block 00 to 07
[    0.291194] ACPI: PCI Root Bridge [PCI0] (domain 0000 [bus 00-ff])
[    0.292018] acpi PNP0A03:00: _OSC: OS supports [ASPM ClockPM Segments MSI]
[    0.296046] acpi PNP0A03:00: _OSC: not requesting OS control; OS requires [ExtendedConfig ASPM ClockPM MSI]
[    0.300024] acpi PNP0A03:00: fail to add MMCONFIG information, can't access extended PCI configuration space under this bridge.
[    0.304494] PCI host bridge to bus 0000:00
[    0.306829] pci_bus 0000:00: root bus resource [io  0x0000-0x0cf7 window]
[    0.308005] pci_bus 0000:00: root bus resource [io  0x0d00-0xffff window]
[    0.309466] pci_bus 0000:00: root bus resource [mem 0x000a0000-0x000bffff window]
[    0.310979] pci_bus 0000:00: root bus resource [mem 0x80000000-0xfdffffff window]
[    0.312009] pci_bus 0000:00: root bus resource [bus 00-ff]
[    0.317346] pci 0000:00:01.1: legacy IDE quirk: reg 0x10: [io  0x01f0-0x01f7]
[    0.318795] pci 0000:00:01.1: legacy IDE quirk: reg 0x14: [io  0x03f6]
[    0.320008] pci 0000:00:01.1: legacy IDE quirk: reg 0x18: [io  0x0170-0x0177]
[    0.321324] pci 0000:00:01.1: legacy IDE quirk: reg 0x1c: [io  0x0376]
[    0.361739] pci 0000:00:07.0: quirk: [io  0x4000-0x403f] claimed by PIIX4 ACPI
[    0.364015] pci 0000:00:07.0: quirk: [io  0x4100-0x410f] claimed by PIIX4 SMB
[    0.392432] ACPI: PCI Interrupt Link [LNKA] (IRQs 5 9 10 *11)
[    0.396335] ACPI: PCI Interrupt Link [LNKB] (IRQs 5 9 *10 11)
[    0.400103] ACPI: PCI Interrupt Link [LNKC] (IRQs 5 *9 10 11)
[    0.401349] ACPI: PCI Interrupt Link [LNKD] (IRQs 5 9 10 *11)
[    0.408232] SCSI subsystem initialized
[    0.409034] pci 0000:00:02.0: vgaarb: setting as boot VGA device
[    0.409145] pci 0000:00:02.0: vgaarb: VGA device added: decodes=io+mem,owns=io+mem,locks=none
[    0.410740] pci 0000:00:02.0: vgaarb: bridge control possible
[    0.412007] vgaarb: loaded
[    0.412615] ACPI: bus type USB registered
[    0.413464] usbcore: registered new interface driver usbfs
[    0.414964] usbcore: registered new interface driver hub
[    0.416037] usbcore: registered new device driver usb
[    0.420109] EDAC MC: Ver: 3.0.0
[    0.421979] PCI: Using ACPI for IRQ routing
[    0.421979] NetLabel: Initializing
[    0.424003] NetLabel:  domain hash size = 128
[    0.428003] NetLabel:  protocols = UNLABELED CIPSOv4 CALIPSO
[    0.429125] NetLabel:  unlabeled traffic allowed by default
[    0.432099] clocksource: Switched to clocksource kvm-clock
[    0.445273] VFS: Disk quotas dquot_6.6.0
[    0.446040] VFS: Dquot-cache hash table entries: 512 (order 0, 4096 bytes)
[    0.447271] AppArmor: AppArmoFisystem Enaed
[  0502]np: PnP ACPI init
[    0.939391] pnp: PnP ACPI: found 3 devices

[  0.950121] clocksource: acpi_pm: mask: 0xffffff max_cycles: 0xffffff, max_idle_ns: 2085701024 ns
[    1.133703] NET: Registered protocol family 2
[    1.134794] TCP established hash table entries: 16384 (order: 5, 131072 bytes)
[    1.136307] TCP bind hash table entries: 16384 (order: 6, 262144 bytes)
[    1.137644] TCP: Hash tables configured (established 16384 bind 16384)
[    1.145041] UDP hash table entries: 1024 (order: 3, 32768 bytes)
[    1.146238] UDP-te hash table entries: 1024 (order: 3, 32768 bytes)

[    1.196386] NET: Registered protocol family 1
[    1.197340] pci 0000:00:00.0: Limiting direct PCI/PCI transfers
[    1.223103] pci 00:00:01.0: ActvainISA DMA hang workarounds
[    1.369877] pci 0000:00:02.0: Video device with shadowed ROM at [mem 0x000c0000-0x000dffff]
[    1.371586] Unpacking initramfs...

[    1.701197] Freeing initrd memory: 19204K
[    1.707604] clocksource: tsc: mask: 0xffffffffffffffff max_cycles: 0x255cf113bcb, max_idle_ns: 440795211777 ns
[    1.726845] platform rtc_cmos: registered platform RTC device (no PNP device found)
[    1.749764] Scanning for low memory corruption every 60 seconds
[    1.783621] Initialise system trusted keyrings
[    1.795487] Key type blacklist registered
[    1.796576] workingset: timestamp_bits=36 max_order=19 bucket_order=0
[    1.809951] zbud: loaded
[    1.812462] squashfs: version 4.0 (2009/01/31) Phillip Lougher
[    1.829655] fuse init (API version 7.26)
[    1.833163] Key type asymmetric registered
[    1.833909] Asymmetric key parser 'x509' registered
[    1.834782] Block layer SCSI generic (bsg) driver version 0.4 loaded (major 246)
[    1.841645] io scheduler noop registered
[    1.842320] io scheduler deadline registered
[    1.843179] io scheduler cfq registered (default)
[    1.844684] ACPI: AC Adapter [AC] (on-line)
[    1.845774] input: Power Button as /devices/LNXSYSTM:00/LNXPWRBN:00/input/input0
[    1.857816] ACPI: Power Button [PWRF]
[    1.858519] input: Sleep Button as /devices/LNXSYSTM:00/LNXSLPBN:00/input/input1
[    1.882462] ACPI: Sleep Button [SLPF]
[    1.884374] ACPI: Battery Slot [BAT0] (battery present)
[    1.885394] Serial: 8250/16550 driver, 32 ports, IRQ sharing enabled
[    1.911183] 00:02: ttyS0 at I/O 0x3f8 (irq = 4, base_baud = 115200) is a 16550A
[    1.916212] Linux agpgart interface v0.103
[    1.923189] loop: module loaded
[    1.924507] scsi host0: ata_piix
[    1.930617] scsi host1: ata_piix
[    1.931229] ata1: PATA max UDMA/33 cmd 0x1f0 ctl 0x3f6 bmdma 0xd000 irq 14
[    1.932327] ata2: PATA max UDMA/33 cmd 0x170 ctl 0x376 bmdma 0xd008 irq 15
[    1.933949] libphy: Fixed MDIO Bus: probed
[    1.976673] tun: Univers TUN/TAP device driver, 1.6

[    2.133858] PPP generic driver version 2.4.2
[    2.140425] ehci_hcd: USB 2.0 'Enhanced' Host Controller (EHCI) Driver
[    2.141821] ehci-pci: EHCI PCI platform driver
[    2.142664] ehci-platform: EHCI generic platform driver
[    2.143667] ohci_hcd: USB 1.1 'Open' Host Controller (OHCI) Driver
[    2.156923] ohci-pci: OHCI PCI platform driver
[    2.157802] ohci-platform: OHCI generic platform driver
[    2.161114] uhci_hcd: USB Universal Host Controller Interface driver
[    2.173738] i8042: PNP: PS/2 Controller [PNP0303:PS2K,PNP0f03:PS2M] at 0x60,0x64 irq 1,12
[    2.175791] serio: i8042 KBD port at 0x60,0x64 irq 1
[    2.197913] serio: i8042 AUX port at 0x60,0x64 irq 12
[    2.199158] mousedev: PS/2 mouse device common for all mice
[    2.206399] input: AT Translated Set 2 keyboard as /devices/platform/i8042/serio0/input/input2
[    2.212080] rtc_cmos rtc_cmos: rtc core: registered rtc_cmos as rtc0
[    2.262282] rtc_cmos rtc_cmos: alarms up to one day, 114 bytes nvram
[    2.263359] i2c /dev entries driver
[    2.265250] device-mapper: uevent: version 1.0.3
[    2.280429] device-mapper: ioctl: 4.37.0-ioctl (2017-09-20) initialised: dm-devel@redhat.com
[    2.282167] ledtrig-cpu: registered to indicate activity on CPUs
[    2.289673] NET: Registered protocol family 10
[    2.296355] Segment Routing with IPv6
[    2.297120] NET: Registered protocol family 17
[    2.301774] Key type dns_resolver registered
[    2.302670] mce: Using 0 MCE banks
[    2.303262] RAS: Correctable Errors collector initialized.
[    2.323334] sched_clock: Marking stable (2323305020, 0)->(3796671066, -1473366046)
[    2.325314] registered taskstats version 1
[    2.326126] Loading compiled-in X.509 certificates
[    2.335927] Loaded X.509 cert 'Build time autogenerated kernel key: 81757e40860ca54b8a45e323b66799c03c91a344'
[    2.337965] zswap: loaded using pool lzo/zbud
[    2.342895] Key type big_key registered
[    2.343656] Key type trusted registered
[    2.346315] Key type encrypted registered
[    2.352994] AppArmor: AppArmor sha1 policy hashing enabled
[    2.371751] ima: No TPM chip found, activating TPM-bypass! (rc=-19)
[    2.373027] ima: Allocated hash algorithm: sha1
[    2.373803] evm: HMAC attrs: 0x1
[    2.391904]   Magic number: 8:481:883
[    2.392749] rtc_cmos rtc_cmos: setting system clock to 2020-06-13 11:52:18 UTC (1592049138)
[    2.422435] BIOS EDD facility v0.16 2004-Jun-25, 0 devices found
[    2.462080] EDD information not available.
[    2.484500] Freeing unused kernel image memory: 2432K
[    2.644306] Write protecting the kernel read-only data: 20480k
[    2.720191] Freeing unused kernel image memory: 2008K
[    2.732698] Freeing unused kernel image memory: 1876K
[    2.740964] x86/mm: Checked W+X mappings: passed, no W+X pages found.
[    2.762619] x86/mm: Checking user space page tables
[    2.789246] x86/mm: Checked W+X mappings: passed, no W+X pages found.
Loading, please wait...
starting version 237
[    2.912621] e1000: Intel(R) PRO/1000 Network Driver - version 7.3.21-k8-NAPI
[    3.031819] e1000: Copyright (c) 1999-2006 Intel Corporation.
[    3.120212] Fusion MPT base driver 3.04.20
[    3.120936] Copyright (c) 1999-2008 LSI Corporation
[    3.138777] AVX2 version of gcm_enc/dec engaged.
[    3.140824] AES CTR mode by8 optimization enabled
[    3.142432] Fusion MPT SPI Host driver 3.04.20
[    3.341654] input: ImExPS/2 Generic Explorer Mouse as /devices/platform/i8042/serio1/input/input4
[    3.508233] e1000 0000:00:03.0 eth0: (PCI:33MHz:32-bit) 02:14:dc:98:74:16
[    3.509661] e1000 0000:00:03.0 eth0: Intel(R) PRO/1000 Network Connection
[    3.896538] e1000 0000:00:08.0 eth1: (PCI:33MHz:32-bit) 08:00:27:89:77:09
[    3.912356] e1000 0000:00:08.0 eth1: Intel(R) PRO/1000 Network Connection
[    3.943533] e1000 0000:00:03.0 enp0s3: renamed from eth0
[    3.944941] mptbase: ioc0: Initiating bringup
[    3.960487] e1000 0000:00:08.0 enp0s8: renamed from eth1
[    4.056300] ioc0: LSI53C1030 A0: Capabilities={Initiator}
[    4.328828] scsi host2: ioc0: LSI53C1030 A0, FwRev=00000000h, Ports=1, MaxQ=256, IRQ=20
[    4.550111] scsi 2:0:0:0: Direct-Access     VBOX     HARDDISK         1.0  PQ: 0 ANSI: 5
[    4.668107] scsi target2:0:0: Beginning Domain Validation
[    4.784102] scsi target2:0:0: Domain Validation skipping write tests
[    4.812162] scsi target2:0:0: Ending Domain Validation
[    4.813253] scsi target2:0:0: asynchronous
[    4.814864] scsi 2:0:1:0: Direct-Access     VBOX     HARDDISK         1.0  PQ: 0 ANSI: 5
[    4.884189] scsi target2:0:1: Beginning Domain Validation
[    4.888041] random: fast init done
[    4.891965] scsi target2:0:1: Domain Validation skipping write tests
[    4.894940] scsi target2:0:1: Ending Domain Validation
[    4.897712] scsi target2:0:1: asynchronous
[    4.923501] random: systemd-udevd: uninitialized urandom read (16 bytes read)
[    4.942618] sd 2:0:0:0: Attached scsi generic sg0 type 0
[    4.942697] random: systemd-udevd: uninitialized urandom read (16 bytes read)
[    4.968211] random: systemd-udevd: uninitialized urandom read (16 bytes read)
[    4.968220] sd 2:0:0:0: [sda] 62914560 512-byte logical blocks: (32.2 GB/30.0 GiB)
[    5.000281] sd 2:0:1:0: Attached scsi generic sg1 type 0
[    5.003095] sd 2:0:0:0: [sda] Write Protect is off
[    5.004021] sd 2:0:1:0: [sdb] 20480 512-byte logical blocks: (10.5 MB/10.0 MiB)
[    5.006726] sd 2:0:1:0: [sdb] Write Protect is off
[    5.007569] sd 2:0:0:0: [sda] Incomplete mode parameter data
[    5.009177] sd 2:0:0:0: [sda] Assuming drive cache: write through
[    5.009261] sd 2:0:1:0: [sdb] Incomplete mode parameter data
[    5.342318] sd 2:0:1:0: [sdb] Assuming drive cache: write through
[    5.523792]  sda: sda1
[    5.524648] sd 2:0:1:0: [sdb] Attached SCSI disk
[    5.526079] sd 2:0:0:0: [sda] Attached SCSI disk
Begin: Loading essential drivers ... [    7.073280] raid6: sse2x1   gen()  8990 MB/s
[    7.120540] raid6: sse2x1   xor()  6409 MB/s
[    7.168133] raid6: sse2x2   gen() 10876 MB/s
[    7.229814] raid6: sse2x2   xor()  7652 MB/s
[    7.288032] raid6: sse2x4   gen() 11586 MB/s
[    7.336288] raid6: sse2x4   xor()  7256 MB/s
[    7.420293] raid6: avx2x1   gen() 13094 MB/s
[    7.504571] raid6: avx2x1   xor() 12241 MB/s
[    7.598498] raid6: avx2x2   gen() 21404 MB/s
[    7.651080] raid6: avx2x2   xor() 14127 MB/s
[    7.714674] raid6: avx2x4   gen() 23979 MB/s
[    7.761094] raid6: avx2x4   xor() 14130 MB/s
[    7.771286] raid6: using algorithm avx2x4 gen() 23979 MB/s
[    7.772878] raid6: .... xor() 14130 MB/s, rmw enabled
[    7.794071] raid6: using avx2x2 recovery algorithm
[    7.815568] xor: automatically using best checksumming function   avx       
[    7.819085] async_tx: api initialized (async)
done.
Begin: Running /scripts/init-premount ... done.
Begin: Mounting root file system ... Begin: Running /scripts/local-top ... done.
Begin: Running /scripts/local-premount ... [    7.871993] Btrfs loaded, crc32c=crc32c-intel
Scanning for Btrfs filesystems
done.
Warning: fsck not present, so skipping root file system
[    7.932532] EXT4-fs (sda1): mounted filesystem with ordered data mode. Opts: (null)
done.
Begin: Running /scripts/local-bottom ... done.
Begin: Running /scripts/init-bottom ... done.
[    8.162665] ip_tables: (C) 2000-2006 Netfilter Core Team
[    8.175835] systemd[1]: systemd 237 running in system mode. (+PAM +AUDIT +SELINUX +IMA +APPARMOR +SMACK +SYSVINIT +UTMP +LIBCRYPTSETUP +GCRYPT +GNUTLS +ACL +XZ +LZ4 +SECCOMP +BLKID +ELFUTILS +KMOD -IDN2 +IDN -PCRE2 default-hierarchy=hybrid)
[    8.224123] systemd[1]: Detected virtualization oracle.
[    8.225196] systemd[1]: Detected architecture x86-64.

Welcome to [1mUbuntu 18.04.4 LTS[0m!

[    8.245479] systemd[1]: Set hostname to <ubuntu-bionic>.
[    8.699339] systemd[1]: Reached target Swap.
[[0;32m  OK  [0m] Reached target Swap.
[    8.701061] systemd[1]: Reached target System Time Synchronized.
[[0;32m  OK  [0m] Reached target System Time Synchronized.
[    8.714203] systemd[1]: Started Forward Password Requests to Wall Directory Watch.
[[0;32m  OK  [0m] Started Forward Password Requests to Wall Directory Watch.
[    8.727728] systemd[1]: Reached target User and Group Name Lookups.
[[0;32m  OK  [0m] Reached target User and Group Name Lookups.
[    8.731421] systemd[1]: Created slice User and Session Slice.
[[0;32m  OK  [0m] Created slice User and Session Slice.
[    8.793090] systemd[1]: Created slice System Slice.
[[0;32m  OK  [0m] Created slice System Slice.
[[0;32m  OK  [0m] Listening on udev Control Socket.
[[0;32m  OK  [0m] Listening on LVM2 poll daemon socket.
[[0;32m  OK  [0m] Listening on Device-mapper event daemon FIFOs.
[[0;32m  OK  [0m] Listening on udev Kernel Socket.
[[0;32m  OK  [0m] Listening on Network Service Netlink Socket.
[[0;32m  OK  [0m] Listening on Journal Socket.
         Starting Create list of required st…ce nodes for the current kernel...
         Starting udev Coldplug all Devices...
         Starting Uncomplicated firewall...
         Mounting Huge Pages File System...
[[0;32m  OK  [0m] Created slice system-serial\x2dgetty.slice.
         Starting Remount Root and Kernel File Systems...
[    8.974464] EXT4-fs (sda1): re-mounted. Opts: (null)
[[0;32m  OK  [0m] Listening on LVM2 metadata daemon socket.
         Starting Monitoring of LVM2 mirrors…ng dmeventd or progress polling...
         Mounting POSIX Message Queue File System...
         Mounting Kernel Debug File System...
[[0;32m  OK  [0m] Reached target Slices.
         Starting Set the console keyboard layout...
         Starting Load Kernel Modules...
[[0;32m  OK  [0m] Listening on /dev/initctl Compatibility Named Pipe.
[[0;32m  OK  [0m] Listening on Journal Socket (/dev/log).
[[0;32m  OK  [0m] Listening on Syslog Socket.
[[0;32m  OK  [0m] Set up automount Arbitrary Executab…rmats File System Automount Point.
[[0;32m  OK  [0m] Listening on Journal Audit Socket.
         Starting Journal Service...
[[0;32m  OK  [0m] Started Create list of required sta…vice nodes for the current kernel.
[[0;32m  OK  [0m] Started Uncomplicated firewall.
[[0;32m  OK  [0m] Mounted Huge Pages File System.
[[0;32m  OK  [[    9.073341] Loading iSCSI transport class v2.0-870.
0m] Started Remount Root and Kernel File Systems.
[[0;32m  OK  [[    9.133412] iscsi: registered transport (tcp)
0m] Mounted POSIX Message Queue File System.
[[0;32m  OK  [0m] Mounted Kernel Debug File System.
[[0;32m  OK  [0m] Started udev Coldplug all Devices.
[[0;32m  OK  [0m] Started LVM2 metadata daemon.
         Starting Load/Save Random Seed...
         Starting Create Static Device Nodes in /dev...
[[0;32m  OK  [0m] Started Journal Service.
[[0;32m  OK  [0m] Started Set the console keyboard layout.
[    9.231479] iscsi: registered transport (iser)
[[0;32m  OK  [0m] Started Monitoring of LVM2 mirrors,…sing dmeventd or progress polling.
[[0;32m  OK  [0m] Started Load Kernel Modules.
[[0;32m  OK  [0m] Started Load/Save Random Seed.
[[0;32m  OK  [0m] Started Create Static Device Nodes in /dev.
         Starting udev Kernel Device Manager...
         Starting Apply Kernel Variables...
         Mounting Kernel Configuration File System...
         Mounting FUSE Control File System...
[[0;32m  OK  [0m] Reached target Local File Systems (Pre).
[[0;32m  OK  [0m] Reached target Local File Systems.
         Starting AppArmor initialization...
         Starting ebtables ruleset management...
         Starting Tell Plymouth To Write Out Runtime Data...
         Starting Set console font and keymap...
         Starting Flush Journal to Persistent Storage...
[[0;32m  OK  [0m] Started udev Kernel Device Manager.
[[0;32m  OK  [0m] Started Apply Kernel Variables.
[[0;32m  OK  [0m] Mounted Kernel Configuration File System.
[[0;32m  OK  [0m] Mounted FUSE Control File System.
[[0;32m  OK  [0m] Started Tell Plymouth To Write Out Runtime Data.
[[0;32m  OK  [0m] Started Set console font and keymap.
[[0;32m  OK  [0m] Found device /dev/ttyS0.
[[0;32m  OK  [0m] Started ebtables ruleset management.
[[0;32m  OK  [0m] Listening on Load/Save RF Kill Switch Status /dev/rfkill Watch.
[[0;32m  OK  [0m] Started Dispatch Password Requests to Console Directory Watch.
[[0;32m  OK  [0m] Reached target Local Encrypted Volumes.
[[0;32m  OK  [0m] Started Flush Journal to Persistent Storage.
         Starting Create Volatile Files and Directories...
[[0;32m  OK  [0m] Started Create Volatile Files and Directories.
         Starting Update UTMP about System Boot/Shutdown...
[[0;32m  OK  [0m] Started Update UTMP about System Boot/Shutdown.
[[0;32m  OK  [0m] Started AppArmor initialization.
         Starting Initial cloud-init job (pre-networking)...
[   11.618821] cloud-init[553]: Cloud-init v. 19.4-33-gbb4131a2-0ubuntu1~18.04.1 running 'init-local' at Sat, 13 Jun 2020 11:52:27 +0000. Up 11.34 seconds.
[[0;32m  OK  [0m] Started Initial cloud-init job (pre-networking).
[[0;32m  OK  [0m] Reached target Network (Pre).
         Starting Network Service...
[[0;32m  OK  [0m] Started Network Service.
         Starting Wait for Network to be Configured...
         Starting Network Name Resolution...
[[0;32m  OK  [0m] Started Network Name Resolution.
[[0;32m  OK  [0m] Reached target Network.
[[0;32m  OK  [0m] Reached target Host and Network Name Lookups.
[[0;32m  OK  [0m] Started Wait for Network to be Configured.
         Starting Initial cloud-init job (metadata service crawler)...
[   13.899105] cloud-init[674]: Cloud-init v. 19.4-33-gbb4131a2-0ubuntu1~18.04.1 running 'init' at Sat, 13 Jun 2020 11:52:29 +0000. Up 13.73 seconds.
[   13.900831] cloud-init[674]: ci-info: ++++++++++++++++++++++++++++++++++++++Net device info+++++++++++++++++++++++++++++++++++++++
[   13.907842] cloud-init[674]: ci-info: +--------+------+-----------------------------+---------------+--------+-------------------+
[   13.922614] cloud-init[674]: ci-info: | Device |  Up  |           Address           |      Mask     | Scope  |     Hw-Address    |
[   13.942466] cloud-init[674]: ci-info: +--------+------+-----------------------------+---------------+--------+-------------------+
[   13.960857] cloud-init[674]: ci-info: | enp0s3 | True |          10.0.2.15          | 255.255.255.0 | global | 02:14:dc:98:74:16 |
[   14.042275] cloud-init[674]: ci-info: | enp0s3 | True |  fe80::14:dcff:fe98:7416/64 |       .       |  link  | 02:14:dc:98:74:16 |
[   14.050169] cloud-init[674]: ci-info: | enp0s8 | True |        192.168.33.10        | 255.255.255.0 | global | 08:00:27:89:77:09 |
[   14.068295] cloud-init[674]: ci-info: | enp0s8 | True | fe80::a00:27ff:fe89:7709/64 |       .       |  link  | 08:00:27:89:77:09 |
[   14.069946] cloud-init[674]: ci-info: |   lo   | True |          127.0.0.1          |   255.0.0.0   |  host  |         .         |
[   14.120311] cloud-init[674]: ci-info: |   lo   | True |           ::1/128           |       .       |  host  |         .         |
[   14.122529] cloud-init[674]: ci-info: +--------+------+-----------------------------+---------------+--------+-------------------+
[   14.124617] cloud-init[674]: ci-info: +++++++++++++++++++++++++++++Route IPv4 info+++++++++++++++++++++++++++++
[   14.126260] cloud-init[674]: ci-info: +-------+--------------+----------+-----------------+-----------+-------+
[[0;32m  OK  [0m] Started Initial cloud-init job (metadata service crawler).
[[0;32m  OK  [0m] Reached target Network is Online.
[   14.170806] cloud-init[674]: ci-info: | Route | Destination  | Gateway  |     Genmask     | Interface | Flags |
[   14.193021] cloud-init[674]: ci-info: +-------+--------------+----------+-----------------+-----------+-------+
[   14.194407] cloud-init[674]: ci-info: |   0   |   0.0.0.0    | 10.0.2.2 |     0.0.0.0     |   enp0s3  |   UG  |
[   14.195732] cloud-init[674]: ci-info: |   1   |   10.0.2.0   | 0.0.0.0  |  255.255.255.0  |   enp0s3  |   U   |
[   14.197055] cloud-init[674]: ci-info: |   2   |   10.0.2.2   | 0.0.0.0  | 255.255.255.255 |   enp0s3  |   UH  |
[[0;32m  OK  [0m] Reached target Remote File Systems (Pre).
[[0;32m  OK  [0m] Reached target Remote File Systems.
[   14.203508] cloud-init[674]: ci-info: |   3   | 192.168.33.0 | 0.0.0.0  |  255.255.255.0  |   enp0s8  |   U   |
[   14.207180] cloud-init[674]: ci-info: +-------+--------------+----------+-----------------+-----------+-------+
[   14.208538] cloud-init[674]: ci-info: +++++++++++++++++++Route IPv6 info+++++++++++++++++++
[   14.209821] cloud-init[674]: ci-info: +-------+-------------+---------+-----------+-------+
[   14.211165] cloud-init[674]: ci-info: | Route | Destination | Gateway | Interface | Flags |
[   14.212537] cloud-init[674]: ci-info: +-------+-------------+---------+-----------+-------+
         Starting Availability of block devices...
[   14.215549] [[0;32m  OK  [0m] Reached target System Initialization.
cloud-init[674]: ci-info: |   1   |  fe80::/64  |    ::   |   enp0s8  |   U   |
[[0;32m  OK  [0m] Started Message of the Day.
[   14.243802] [[0;32m  OK  [0m] Listening on UUID daemon activation socket.
cloud-init[674]:          Starting Socket activation for snappy daemon.
[[0;32m  OK  [0m] Listening on Open-iSCSI iscsid Socket.
[[0;32m  OK  [0m] Listening on D-Bus System Message Bus Socket.
[[0;32m  OK  [0m] Started Discard unused blocks once a week.
[[0;32m  OK  [0m] Started Daily Cleanup of Temporary Directories.
[[0;32m  OK  [0m] Started Daily apt download activities.
[[0;32m  OK  [0m] Started Daily apt upgrade and clean activities.
[[0;32m  OK  [0m] Reached target Timers.
ci-info: |   2   |  fe80::/64  |    ::   |   enp0s3  |   U   |
[[0;32m  OK  [0m] Started ACPI Events Check.
[   14.255769] [[0;32m  OK  [0m] Reached target Paths.
[[0;32m  OK  [0m] Listening on ACPID Listen Socket.
cloud-init[674]: ci-info: |   4   |    local    |    ::   |   enp0s3  |   U   |
         Starting LXD - unix socket.
[   14.302247] cloud-init[674]: ci-info: |   5   |    local    |    ::   |   enp0s8  |   U   |
         Starting Docker Socket for the API.
[[0;32m  OK  [0m] Reached target Cloud-config availability.
[   14.391232] cloud-init[674]: ci-info: |   6   |   ff00::/8  |    ::   |   enp0s8  |   U   |
[[0;32m  OK  [0m] Started Availability of block devices.
[   14.476988] [[0;32m  OK  [0m] Listening on Socket activation for snappy daemon.
cloud-init[674]: ci-info: |   7   |   ff00::/8  |    ::   |   enp0s3  |   U   |
[[0;32m  OK  [0m] Listening on LXD - unix socket.
[   14.515694] [[0;32m  OK  [0m] Listening on Docker Socket for the API.
cloud-init[674]: ci-info: +-------+-------------+---------+-----------+-------+
[[0;32m  OK  [0m] Reached target Sockets.
[[0;32m  OK  [0m] Reached target Basic System.
[[0;32m  OK  [0m] Started Regular background program processing daemon.
         Starting Dispatcher daemon for systemd-networkd...
[[0;32m  OK  [0m] Started irqbalance daemon.
         Starting LSB: automatic crash report generation...
[[0;32m  OK  [0m] Started D-Bus System Message Bus.
         Starting System Logging Service...
[[0;32m  OK  [0m] Started Deferred execution scheduler.
         Starting Accounts Service...
         Starting OpenBSD Secure Shell server...
         Starting Message of the Day...
         Starting LSB: Record successful boot for GRUB...
         Starting LSB: Linux init script for swapspace...
         Starting Login Service...
         Starting Virtualbox guest utils...
         Starting containerd container runtime...
[[0;32m  OK  [0m] Started FUSE filesystem for LXC.
         Starting MySQL Community Server...
         Starting Permit User Sessions...
         Starting LXD - container startup/shutdown...
         Starting Snappy daemon...
[[0;32m  OK  [0m] Started System Logging Service.
[[0;32m  OK  [0m] Started Dispatcher daemon for systemd-networkd.
[[0;32m  OK  [0m] Started containerd container runtime.
[[0;32m  OK  [0m] Started OpenBSD Secure Shell server.
[[0;32m  OK  [0m] Started Permit User Sessions.
[[0;32m  OK  [0m] Started Login Service.
[[0;32m  OK  [0m] Started LSB: Linux init script for swapspace.
[[0;32m  OK  [0m] Started Unattended Upgrades Shutdown.
         Starting Authorization Manager...
         Starting Terminate Plymouth Boot Screen...
         Starting Hold until boot process finishes up...
         Starting Docker Application Container Engine...
[[0;32m  OK  [0m] Started LSB: automatic crash report generation.
[[0;32m  OK  [0m] Started Terminate Plymouth Boot Screen.
[[0;32m  OK  [0m] Started LSB: Record successful boot for GRUB.
[[0;32m  OK  [0m] Started Hold until boot process finishes up.
[[0;32m  OK  [0m] Started Serial Getty on ttyS0.
         Starting Set console scheme...
[[0;32m  OK  [0m] Started Authorization Manager.
[[0;32m  OK  [0m] Started Accounts Service.
[[0;32m  OK  [0m] Started Set console scheme.
[[0;32m  OK  [0m] Created slice system-getty.slice.
[[0;32m  OK  [0m] Started Getty on tty1.
[[0;32m  OK  [0m] Reached target Login Prompts.
[[0;32m  OK  [0m] Started Virtualbox guest utils.
[[0;32m  OK  [0m] Started LXD - container startup/shutdown.
[[0;32m  OK  [0m] Created slice User Slice of vagrant.
         Starting User Manager for UID 1000...
[[0;32m  OK  [0m] Started Session 1 of user vagrant.
[[0;32m  OK  [0m] Started Message of the Day.
[[0;32m  OK  [0m] Started Snappy daemon.
         Starting Wait until snapd is fully seeded...
[[0;32m  OK  [0m] Started Wait until snapd is fully seeded.
         Starting Apply the settings specified in cloud-config...
[[0;32m  OK  [0m] Started User Manager for UID 1000.
[[0;32m  OK  [0m] Started MySQL Community Server.
[   19.012966] cloud-init[1386]: Cloud-init v. 19.4-33-gbb4131a2-0ubuntu1~18.04.1 running 'modules:config' at Sat, 13 Jun 2020 11:52:34 +0000. Up 18.83 seconds.
[[0;32m  OK  [0m] Started Apply the settings specified in cloud-config.
[[0;32m  OK  [0m] Started Docker Application Container Engine.
[[0;32m  OK  [0m] Reached target Multi-User System.
[[0;32m  OK  [0m] Reached target Graphical Interface.
         Starting Execute cloud user/final scripts...
         Starting Update UTMP about System Runlevel Changes...
[[0;32m  OK  [0m] Started Update UTMP about System Runlevel Changes.
[   21.248364] cloud-init[1685]: Cloud-init v. 19.4-33-gbb4131a2-0ubuntu1~18.04.1 running 'modules:final' at Sat, 13 Jun 2020 11:52:37 +0000. Up 21.08 seconds.
[   21.248659] cloud-init[1685]: Cloud-init v. 19.4-33-gbb4131a2-0ubuntu1~18.04.1 finished at Sat, 13 Jun 2020 11:52:37 +0000. Datasource DataSourceNoCloud [seed=/dev/sdb][dsmode=net].  Up 21.23 seconds

Ubuntu 18.04.4 LTS ubuntu-bionic ttyS0

ubuntu-bionic login: 